{"C:\\Users\\Ahmed Fathy\\Desktop\\WwW\\fs-open\\part5\\notes\\frontend\\src\\App.js": {"path":"C:\\Users\\Ahmed Fathy\\Desktop\\WwW\\fs-open\\part5\\notes\\frontend\\src\\App.js","statementMap":{"0":{"start":{"line":12,"column":12},"end":{"line":127,"column":1}},"1":{"start":{"line":13,"column":26},"end":{"line":13,"column":40}},"2":{"start":{"line":14,"column":28},"end":{"line":14,"column":40}},"3":{"start":{"line":15,"column":32},"end":{"line":15,"column":46}},"4":{"start":{"line":16,"column":42},"end":{"line":16,"column":56}},"5":{"start":{"line":17,"column":23},"end":{"line":17,"column":31}},"6":{"start":{"line":19,"column":2},"end":{"line":25,"column":8}},"7":{"start":{"line":20,"column":4},"end":{"line":24,"column":8}},"8":{"start":{"line":23,"column":8},"end":{"line":23,"column":30}},"9":{"start":{"line":27,"column":2},"end":{"line":35,"column":8}},"10":{"start":{"line":28,"column":27},"end":{"line":28,"column":75}},"11":{"start":{"line":30,"column":4},"end":{"line":34,"column":5}},"12":{"start":{"line":31,"column":19},"end":{"line":31,"column":45}},"13":{"start":{"line":32,"column":6},"end":{"line":32,"column":19}},"14":{"start":{"line":33,"column":6},"end":{"line":33,"column":38}},"15":{"start":{"line":37,"column":18},"end":{"line":44,"column":3}},"16":{"start":{"line":38,"column":4},"end":{"line":38,"column":39}},"17":{"start":{"line":39,"column":4},"end":{"line":43,"column":8}},"18":{"start":{"line":42,"column":8},"end":{"line":42,"column":44}},"19":{"start":{"line":46,"column":22},"end":{"line":48,"column":42}},"20":{"start":{"line":48,"column":27},"end":{"line":48,"column":41}},"21":{"start":{"line":50,"column":29},"end":{"line":67,"column":3}},"22":{"start":{"line":51,"column":17},"end":{"line":51,"column":45}},"23":{"start":{"line":51,"column":33},"end":{"line":51,"column":44}},"24":{"start":{"line":52,"column":24},"end":{"line":52,"column":63}},"25":{"start":{"line":54,"column":4},"end":{"line":66,"column":8}},"26":{"start":{"line":56,"column":8},"end":{"line":56,"column":73}},"27":{"start":{"line":56,"column":35},"end":{"line":56,"column":71}},"28":{"start":{"line":59,"column":8},"end":{"line":61,"column":9}},"29":{"start":{"line":62,"column":8},"end":{"line":64,"column":16}},"30":{"start":{"line":63,"column":10},"end":{"line":63,"column":31}},"31":{"start":{"line":65,"column":8},"end":{"line":65,"column":48}},"32":{"start":{"line":65,"column":35},"end":{"line":65,"column":46}},"33":{"start":{"line":69,"column":16},"end":{"line":83,"column":3}},"34":{"start":{"line":70,"column":4},"end":{"line":82,"column":5}},"35":{"start":{"line":71,"column":19},"end":{"line":71,"column":56}},"36":{"start":{"line":72,"column":6},"end":{"line":74,"column":7}},"37":{"start":{"line":75,"column":6},"end":{"line":75,"column":38}},"38":{"start":{"line":76,"column":6},"end":{"line":76,"column":19}},"39":{"start":{"line":78,"column":6},"end":{"line":78,"column":42}},"40":{"start":{"line":79,"column":6},"end":{"line":81,"column":14}},"41":{"start":{"line":80,"column":8},"end":{"line":80,"column":29}},"42":{"start":{"line":85,"column":19},"end":{"line":91,"column":3}},"43":{"start":{"line":86,"column":4},"end":{"line":90,"column":16}},"44":{"start":{"line":93,"column":2},"end":{"line":126,"column":3}},"45":{"start":{"line":109,"column":31},"end":{"line":109,"column":51}},"46":{"start":{"line":116,"column":10},"end":{"line":120,"column":12}},"47":{"start":{"line":119,"column":36},"end":{"line":119,"column":63}}},"fnMap":{"0":{"name":"(anonymous_0)","decl":{"start":{"line":12,"column":12},"end":{"line":12,"column":13}},"loc":{"start":{"line":12,"column":18},"end":{"line":127,"column":1}},"line":12},"1":{"name":"(anonymous_1)","decl":{"start":{"line":19,"column":12},"end":{"line":19,"column":13}},"loc":{"start":{"line":19,"column":18},"end":{"line":25,"column":3}},"line":19},"2":{"name":"(anonymous_2)","decl":{"start":{"line":22,"column":12},"end":{"line":22,"column":13}},"loc":{"start":{"line":22,"column":28},"end":{"line":24,"column":7}},"line":22},"3":{"name":"(anonymous_3)","decl":{"start":{"line":27,"column":12},"end":{"line":27,"column":13}},"loc":{"start":{"line":27,"column":18},"end":{"line":35,"column":3}},"line":27},"4":{"name":"(anonymous_4)","decl":{"start":{"line":37,"column":18},"end":{"line":37,"column":19}},"loc":{"start":{"line":37,"column":34},"end":{"line":44,"column":3}},"line":37},"5":{"name":"(anonymous_5)","decl":{"start":{"line":41,"column":14},"end":{"line":41,"column":15}},"loc":{"start":{"line":41,"column":30},"end":{"line":43,"column":7}},"line":41},"6":{"name":"(anonymous_6)","decl":{"start":{"line":48,"column":19},"end":{"line":48,"column":20}},"loc":{"start":{"line":48,"column":27},"end":{"line":48,"column":41}},"line":48},"7":{"name":"(anonymous_7)","decl":{"start":{"line":50,"column":29},"end":{"line":50,"column":30}},"loc":{"start":{"line":50,"column":35},"end":{"line":67,"column":3}},"line":50},"8":{"name":"(anonymous_8)","decl":{"start":{"line":51,"column":28},"end":{"line":51,"column":29}},"loc":{"start":{"line":51,"column":33},"end":{"line":51,"column":44}},"line":51},"9":{"name":"(anonymous_9)","decl":{"start":{"line":55,"column":36},"end":{"line":55,"column":37}},"loc":{"start":{"line":55,"column":52},"end":{"line":57,"column":7}},"line":55},"10":{"name":"(anonymous_10)","decl":{"start":{"line":56,"column":27},"end":{"line":56,"column":28}},"loc":{"start":{"line":56,"column":35},"end":{"line":56,"column":71}},"line":56},"11":{"name":"(anonymous_11)","decl":{"start":{"line":58,"column":13},"end":{"line":58,"column":14}},"loc":{"start":{"line":58,"column":22},"end":{"line":66,"column":7}},"line":58},"12":{"name":"(anonymous_12)","decl":{"start":{"line":62,"column":19},"end":{"line":62,"column":20}},"loc":{"start":{"line":62,"column":25},"end":{"line":64,"column":9}},"line":62},"13":{"name":"(anonymous_13)","decl":{"start":{"line":65,"column":30},"end":{"line":65,"column":31}},"loc":{"start":{"line":65,"column":35},"end":{"line":65,"column":46}},"line":65},"14":{"name":"(anonymous_14)","decl":{"start":{"line":69,"column":16},"end":{"line":69,"column":17}},"loc":{"start":{"line":69,"column":39},"end":{"line":83,"column":3}},"line":69},"15":{"name":"(anonymous_15)","decl":{"start":{"line":79,"column":17},"end":{"line":79,"column":18}},"loc":{"start":{"line":79,"column":23},"end":{"line":81,"column":7}},"line":79},"16":{"name":"(anonymous_16)","decl":{"start":{"line":85,"column":19},"end":{"line":85,"column":20}},"loc":{"start":{"line":86,"column":4},"end":{"line":90,"column":16}},"line":86},"17":{"name":"(anonymous_17)","decl":{"start":{"line":109,"column":25},"end":{"line":109,"column":26}},"loc":{"start":{"line":109,"column":31},"end":{"line":109,"column":51}},"line":109},"18":{"name":"(anonymous_18)","decl":{"start":{"line":115,"column":25},"end":{"line":115,"column":26}},"loc":{"start":{"line":116,"column":10},"end":{"line":120,"column":12}},"line":116},"19":{"name":"(anonymous_19)","decl":{"start":{"line":119,"column":30},"end":{"line":119,"column":31}},"loc":{"start":{"line":119,"column":36},"end":{"line":119,"column":63}},"line":119}},"branchMap":{"0":{"loc":{"start":{"line":30,"column":4},"end":{"line":34,"column":5}},"type":"if","locations":[{"start":{"line":30,"column":4},"end":{"line":34,"column":5}},{"start":{},"end":{}}],"line":30},"1":{"loc":{"start":{"line":46,"column":22},"end":{"line":48,"column":42}},"type":"cond-expr","locations":[{"start":{"line":47,"column":6},"end":{"line":47,"column":11}},{"start":{"line":48,"column":6},"end":{"line":48,"column":42}}],"line":46},"2":{"loc":{"start":{"line":56,"column":35},"end":{"line":56,"column":71}},"type":"cond-expr","locations":[{"start":{"line":56,"column":52},"end":{"line":56,"column":56}},{"start":{"line":56,"column":59},"end":{"line":56,"column":71}}],"line":56},"3":{"loc":{"start":{"line":99,"column":7},"end":{"line":105,"column":20}},"type":"cond-expr","locations":[{"start":{"line":100,"column":10},"end":{"line":104,"column":22}},{"start":{"line":105,"column":10},"end":{"line":105,"column":20}}],"line":99},"4":{"loc":{"start":{"line":110,"column":16},"end":{"line":110,"column":45}},"type":"cond-expr","locations":[{"start":{"line":110,"column":26},"end":{"line":110,"column":37}},{"start":{"line":110,"column":40},"end":{"line":110,"column":45}}],"line":110}},"s":{"0":0,"1":0,"2":0,"3":0,"4":0,"5":0,"6":0,"7":0,"8":0,"9":0,"10":0,"11":0,"12":0,"13":0,"14":0,"15":0,"16":0,"17":0,"18":0,"19":0,"20":0,"21":0,"22":0,"23":0,"24":0,"25":0,"26":0,"27":0,"28":0,"29":0,"30":0,"31":0,"32":0,"33":0,"34":0,"35":0,"36":0,"37":0,"38":0,"39":0,"40":0,"41":0,"42":0,"43":0,"44":0,"45":0,"46":0,"47":0},"f":{"0":0,"1":0,"2":0,"3":0,"4":0,"5":0,"6":0,"7":0,"8":0,"9":0,"10":0,"11":0,"12":0,"13":0,"14":0,"15":0,"16":0,"17":0,"18":0,"19":0},"b":{"0":[0,0],"1":[0,0],"2":[0,0],"3":[0,0],"4":[0,0]}}
,"C:\\Users\\Ahmed Fathy\\Desktop\\WwW\\fs-open\\part5\\notes\\frontend\\src\\index.js": {"path":"C:\\Users\\Ahmed Fathy\\Desktop\\WwW\\fs-open\\part5\\notes\\frontend\\src\\index.js","statementMap":{"0":{"start":{"line":5,"column":0},"end":{"line":5,"column":67}}},"fnMap":{},"branchMap":{},"s":{"0":0},"f":{},"b":{}}
,"C:\\Users\\Ahmed Fathy\\Desktop\\WwW\\fs-open\\part5\\notes\\frontend\\src\\components\\Footer.js": {"path":"C:\\Users\\Ahmed Fathy\\Desktop\\WwW\\fs-open\\part5\\notes\\frontend\\src\\components\\Footer.js","statementMap":{"0":{"start":{"line":1,"column":15},"end":{"line":14,"column":1}},"1":{"start":{"line":2,"column":22},"end":{"line":6,"column":3}},"2":{"start":{"line":8,"column":2},"end":{"line":13,"column":3}}},"fnMap":{"0":{"name":"(anonymous_0)","decl":{"start":{"line":1,"column":15},"end":{"line":1,"column":16}},"loc":{"start":{"line":1,"column":21},"end":{"line":14,"column":1}},"line":1}},"branchMap":{},"s":{"0":0,"1":0,"2":0},"f":{"0":0},"b":{}}
,"C:\\Users\\Ahmed Fathy\\Desktop\\WwW\\fs-open\\part5\\notes\\frontend\\src\\components\\Note.js": {"path":"C:\\Users\\Ahmed Fathy\\Desktop\\WwW\\fs-open\\part5\\notes\\frontend\\src\\components\\Note.js","statementMap":{"0":{"start":{"line":1,"column":13},"end":{"line":12,"column":1}},"1":{"start":{"line":2,"column":16},"end":{"line":4,"column":22}},"2":{"start":{"line":6,"column":2},"end":{"line":11,"column":3}}},"fnMap":{"0":{"name":"(anonymous_0)","decl":{"start":{"line":1,"column":13},"end":{"line":1,"column":14}},"loc":{"start":{"line":1,"column":45},"end":{"line":12,"column":1}},"line":1}},"branchMap":{"0":{"loc":{"start":{"line":2,"column":16},"end":{"line":4,"column":22}},"type":"cond-expr","locations":[{"start":{"line":3,"column":6},"end":{"line":3,"column":26}},{"start":{"line":4,"column":6},"end":{"line":4,"column":22}}],"line":2}},"s":{"0":1,"1":2,"2":2},"f":{"0":2},"b":{"0":[2,0]},"_coverageSchema":"1a1c01bbd47fc00a2c39e90264f33305004495a9","hash":"14294224fb6f2a3f4150493d30958895fd464b40"}
,"C:\\Users\\Ahmed Fathy\\Desktop\\WwW\\fs-open\\part5\\notes\\frontend\\src\\components\\Notification.js": {"path":"C:\\Users\\Ahmed Fathy\\Desktop\\WwW\\fs-open\\part5\\notes\\frontend\\src\\components\\Notification.js","statementMap":{"0":{"start":{"line":1,"column":21},"end":{"line":11,"column":1}},"1":{"start":{"line":2,"column":2},"end":{"line":4,"column":3}},"2":{"start":{"line":3,"column":4},"end":{"line":3,"column":15}},"3":{"start":{"line":6,"column":2},"end":{"line":10,"column":3}}},"fnMap":{"0":{"name":"(anonymous_0)","decl":{"start":{"line":1,"column":21},"end":{"line":1,"column":22}},"loc":{"start":{"line":1,"column":38},"end":{"line":11,"column":1}},"line":1}},"branchMap":{"0":{"loc":{"start":{"line":2,"column":2},"end":{"line":4,"column":3}},"type":"if","locations":[{"start":{"line":2,"column":2},"end":{"line":4,"column":3}},{"start":{},"end":{}}],"line":2}},"s":{"0":0,"1":0,"2":0,"3":0},"f":{"0":0},"b":{"0":[0,0]}}
,"C:\\Users\\Ahmed Fathy\\Desktop\\WwW\\fs-open\\part5\\notes\\frontend\\src\\components\\loginForm.js": {"path":"C:\\Users\\Ahmed Fathy\\Desktop\\WwW\\fs-open\\part5\\notes\\frontend\\src\\components\\loginForm.js","statementMap":{"0":{"start":{"line":4,"column":18},"end":{"line":45,"column":1}},"1":{"start":{"line":5,"column":34},"end":{"line":5,"column":46}},"2":{"start":{"line":6,"column":34},"end":{"line":6,"column":46}},"3":{"start":{"line":8,"column":16},"end":{"line":17,"column":3}},"4":{"start":{"line":9,"column":4},"end":{"line":9,"column":26}},"5":{"start":{"line":11,"column":24},"end":{"line":11,"column":46}},"6":{"start":{"line":13,"column":4},"end":{"line":13,"column":29}},"7":{"start":{"line":15,"column":4},"end":{"line":15,"column":19}},"8":{"start":{"line":16,"column":4},"end":{"line":16,"column":19}},"9":{"start":{"line":19,"column":2},"end":{"line":44,"column":3}},"10":{"start":{"line":28,"column":36},"end":{"line":28,"column":61}},"11":{"start":{"line":38,"column":36},"end":{"line":38,"column":61}},"12":{"start":{"line":47,"column":0},"end":{"line":49,"column":1}}},"fnMap":{"0":{"name":"(anonymous_0)","decl":{"start":{"line":4,"column":18},"end":{"line":4,"column":19}},"loc":{"start":{"line":4,"column":38},"end":{"line":45,"column":1}},"line":4},"1":{"name":"(anonymous_1)","decl":{"start":{"line":8,"column":16},"end":{"line":8,"column":17}},"loc":{"start":{"line":8,"column":27},"end":{"line":17,"column":3}},"line":8},"2":{"name":"(anonymous_2)","decl":{"start":{"line":28,"column":22},"end":{"line":28,"column":23}},"loc":{"start":{"line":28,"column":36},"end":{"line":28,"column":61}},"line":28},"3":{"name":"(anonymous_3)","decl":{"start":{"line":38,"column":22},"end":{"line":38,"column":23}},"loc":{"start":{"line":38,"column":36},"end":{"line":38,"column":61}},"line":38}},"branchMap":{},"s":{"0":0,"1":0,"2":0,"3":0,"4":0,"5":0,"6":0,"7":0,"8":0,"9":0,"10":0,"11":0,"12":0},"f":{"0":0,"1":0,"2":0,"3":0},"b":{}}
,"C:\\Users\\Ahmed Fathy\\Desktop\\WwW\\fs-open\\part5\\notes\\frontend\\src\\components\\noteForm.js": {"path":"C:\\Users\\Ahmed Fathy\\Desktop\\WwW\\fs-open\\part5\\notes\\frontend\\src\\components\\noteForm.js","statementMap":{"0":{"start":{"line":3,"column":17},"end":{"line":32,"column":1}},"1":{"start":{"line":4,"column":34},"end":{"line":4,"column":46}},"2":{"start":{"line":6,"column":20},"end":{"line":17,"column":5}},"3":{"start":{"line":7,"column":8},"end":{"line":7,"column":30}},"4":{"start":{"line":9,"column":27},"end":{"line":12,"column":9}},"5":{"start":{"line":14,"column":8},"end":{"line":14,"column":30}},"6":{"start":{"line":16,"column":8},"end":{"line":16,"column":22}},"7":{"start":{"line":19,"column":4},"end":{"line":31,"column":5}},"8":{"start":{"line":25,"column":39},"end":{"line":25,"column":69}}},"fnMap":{"0":{"name":"(anonymous_0)","decl":{"start":{"line":3,"column":17},"end":{"line":3,"column":18}},"loc":{"start":{"line":3,"column":37},"end":{"line":32,"column":1}},"line":3},"1":{"name":"(anonymous_1)","decl":{"start":{"line":6,"column":20},"end":{"line":6,"column":21}},"loc":{"start":{"line":6,"column":31},"end":{"line":17,"column":5}},"line":6},"2":{"name":"(anonymous_2)","decl":{"start":{"line":25,"column":30},"end":{"line":25,"column":31}},"loc":{"start":{"line":25,"column":39},"end":{"line":25,"column":69}},"line":25}},"branchMap":{},"s":{"0":1,"1":19,"2":19,"3":1,"4":1,"5":1,"6":1,"7":19,"8":17},"f":{"0":19,"1":1,"2":17},"b":{},"_coverageSchema":"1a1c01bbd47fc00a2c39e90264f33305004495a9","hash":"ebf3a877327e6e81c05625a1ad5b97eb01999ee3"}
,"C:\\Users\\Ahmed Fathy\\Desktop\\WwW\\fs-open\\part5\\notes\\frontend\\src\\components\\togglable.js": {"path":"C:\\Users\\Ahmed Fathy\\Desktop\\WwW\\fs-open\\part5\\notes\\frontend\\src\\components\\togglable.js","statementMap":{"0":{"start":{"line":4,"column":18},"end":{"line":31,"column":2}},"1":{"start":{"line":5,"column":34},"end":{"line":5,"column":49}},"2":{"start":{"line":7,"column":28},"end":{"line":7,"column":62}},"3":{"start":{"line":8,"column":28},"end":{"line":8,"column":62}},"4":{"start":{"line":10,"column":26},"end":{"line":12,"column":5}},"5":{"start":{"line":11,"column":8},"end":{"line":11,"column":28}},"6":{"start":{"line":14,"column":4},"end":{"line":18,"column":6}},"7":{"start":{"line":15,"column":8},"end":{"line":17,"column":9}},"8":{"start":{"line":20,"column":4},"end":{"line":30,"column":5}},"9":{"start":{"line":33,"column":0},"end":{"line":33,"column":35}},"10":{"start":{"line":35,"column":0},"end":{"line":37,"column":1}}},"fnMap":{"0":{"name":"(anonymous_0)","decl":{"start":{"line":4,"column":29},"end":{"line":4,"column":30}},"loc":{"start":{"line":4,"column":46},"end":{"line":31,"column":1}},"line":4},"1":{"name":"(anonymous_1)","decl":{"start":{"line":10,"column":26},"end":{"line":10,"column":27}},"loc":{"start":{"line":10,"column":32},"end":{"line":12,"column":5}},"line":10},"2":{"name":"(anonymous_2)","decl":{"start":{"line":14,"column":30},"end":{"line":14,"column":31}},"loc":{"start":{"line":14,"column":36},"end":{"line":18,"column":5}},"line":14}},"branchMap":{"0":{"loc":{"start":{"line":7,"column":39},"end":{"line":7,"column":60}},"type":"cond-expr","locations":[{"start":{"line":7,"column":49},"end":{"line":7,"column":55}},{"start":{"line":7,"column":58},"end":{"line":7,"column":60}}],"line":7},"1":{"loc":{"start":{"line":8,"column":39},"end":{"line":8,"column":60}},"type":"cond-expr","locations":[{"start":{"line":8,"column":49},"end":{"line":8,"column":51}},{"start":{"line":8,"column":54},"end":{"line":8,"column":60}}],"line":8}},"s":{"0":1,"1":7,"2":7,"3":7,"4":7,"5":3,"6":7,"7":0,"8":7,"9":1,"10":1},"f":{"0":7,"1":3,"2":0},"b":{"0":[2,5],"1":[2,5]},"_coverageSchema":"1a1c01bbd47fc00a2c39e90264f33305004495a9","hash":"224012455f26658ed1dbbdba2dde341d3368d260"}
,"C:\\Users\\Ahmed Fathy\\Desktop\\WwW\\fs-open\\part5\\notes\\frontend\\src\\services\\login.js": {"path":"C:\\Users\\Ahmed Fathy\\Desktop\\WwW\\fs-open\\part5\\notes\\frontend\\src\\services\\login.js","statementMap":{"0":{"start":{"line":2,"column":16},"end":{"line":2,"column":28}},"1":{"start":{"line":4,"column":14},"end":{"line":7,"column":1}},"2":{"start":{"line":5,"column":21},"end":{"line":5,"column":59}},"3":{"start":{"line":6,"column":4},"end":{"line":6,"column":24}}},"fnMap":{"0":{"name":"(anonymous_0)","decl":{"start":{"line":4,"column":14},"end":{"line":4,"column":15}},"loc":{"start":{"line":4,"column":35},"end":{"line":7,"column":1}},"line":4}},"branchMap":{},"s":{"0":0,"1":0,"2":0,"3":0},"f":{"0":0},"b":{}}
,"C:\\Users\\Ahmed Fathy\\Desktop\\WwW\\fs-open\\part5\\notes\\frontend\\src\\services\\notes.js": {"path":"C:\\Users\\Ahmed Fathy\\Desktop\\WwW\\fs-open\\part5\\notes\\frontend\\src\\services\\notes.js","statementMap":{"0":{"start":{"line":2,"column":16},"end":{"line":2,"column":28}},"1":{"start":{"line":4,"column":12},"end":{"line":4,"column":16}},"2":{"start":{"line":6,"column":17},"end":{"line":8,"column":1}},"3":{"start":{"line":7,"column":2},"end":{"line":7,"column":30}},"4":{"start":{"line":10,"column":15},"end":{"line":13,"column":1}},"5":{"start":{"line":11,"column":18},"end":{"line":11,"column":36}},"6":{"start":{"line":12,"column":2},"end":{"line":12,"column":48}},"7":{"start":{"line":12,"column":34},"end":{"line":12,"column":47}},"8":{"start":{"line":15,"column":15},"end":{"line":21,"column":1}},"9":{"start":{"line":16,"column":17},"end":{"line":18,"column":3}},"10":{"start":{"line":19,"column":19},"end":{"line":19,"column":63}},"11":{"start":{"line":20,"column":2},"end":{"line":20,"column":22}},"12":{"start":{"line":23,"column":15},"end":{"line":26,"column":1}},"13":{"start":{"line":24,"column":18},"end":{"line":24,"column":58}},"14":{"start":{"line":25,"column":2},"end":{"line":25,"column":48}},"15":{"start":{"line":25,"column":34},"end":{"line":25,"column":47}}},"fnMap":{"0":{"name":"(anonymous_0)","decl":{"start":{"line":6,"column":17},"end":{"line":6,"column":18}},"loc":{"start":{"line":6,"column":29},"end":{"line":8,"column":1}},"line":6},"1":{"name":"(anonymous_1)","decl":{"start":{"line":10,"column":15},"end":{"line":10,"column":16}},"loc":{"start":{"line":10,"column":21},"end":{"line":13,"column":1}},"line":10},"2":{"name":"(anonymous_2)","decl":{"start":{"line":12,"column":22},"end":{"line":12,"column":23}},"loc":{"start":{"line":12,"column":34},"end":{"line":12,"column":47}},"line":12},"3":{"name":"(anonymous_3)","decl":{"start":{"line":15,"column":15},"end":{"line":15,"column":16}},"loc":{"start":{"line":15,"column":34},"end":{"line":21,"column":1}},"line":15},"4":{"name":"(anonymous_4)","decl":{"start":{"line":23,"column":15},"end":{"line":23,"column":16}},"loc":{"start":{"line":23,"column":34},"end":{"line":26,"column":1}},"line":23},"5":{"name":"(anonymous_5)","decl":{"start":{"line":25,"column":22},"end":{"line":25,"column":23}},"loc":{"start":{"line":25,"column":34},"end":{"line":25,"column":47}},"line":25}},"branchMap":{},"s":{"0":0,"1":0,"2":0,"3":0,"4":0,"5":0,"6":0,"7":0,"8":0,"9":0,"10":0,"11":0,"12":0,"13":0,"14":0,"15":0},"f":{"0":0,"1":0,"2":0,"3":0,"4":0,"5":0},"b":{}}
}
